<?xml version="1.0" encoding="UTF-8"?>
<!-- Generated by org.testng.reporters.JUnitReportReporter -->
<testsuite skipped="0" hostname="DESKTOP-JI6CJVA" name="com.test.test_additions" tests="1" failures="0" timestamp="2022-05-25T21:59:45 IST" time="14.438" errors="0">
  <testcase name="verify_Addition" time="14.438" classname="com.test.test_additions"/>
  <system-out/>
</testsuite> <!-- com.test.test_additions -->
