<?xml version="1.0" encoding="UTF-8"?>
<!-- Generated by org.testng.reporters.JUnitReportReporter -->
<testsuite skipped="0" hostname="DESKTOP-JI6CJVA" name="com.test.Test_Addition" tests="1" failures="0" timestamp="2022-05-25T20:04:29 IST" time="24.269" errors="0">
  <testcase name="verify_Addition" time="24.269" classname="com.test.Test_Addition"/>
  <system-out/>
</testsuite> <!-- com.test.Test_Addition -->
