<?xml version="1.0" encoding="UTF-8"?>
<!-- Generated by org.testng.reporters.JUnitReportReporter -->
<testsuite skipped="0" hostname="DESKTOP-JI6CJVA" name="com.test.Test_Substraction" tests="1" failures="0" timestamp="2022-05-25T20:36:42 IST" time="55.428" errors="0">
  <testcase name="verify_Substraction" time="55.428" classname="com.test.Test_Substraction"/>
  <system-out/>
</testsuite> <!-- com.test.Test_Substraction -->
