<?xml version="1.0" encoding="UTF-8"?>
<!-- Generated by org.testng.reporters.JUnitReportReporter -->
<testsuite skipped="0" hostname="DESKTOP-JI6CJVA" name="com.test.test_001" tests="1" failures="0" timestamp="2022-05-25T14:36:16 IST" time="10.217" errors="0">
  <testcase name="lmn" time="10.217" classname="com.test.test_001"/>
  <system-out/>
</testsuite> <!-- com.test.test_001 -->
