<?xml version="1.0" encoding="UTF-8"?>
<!-- Generated by org.testng.reporters.JUnitReportReporter -->
<testsuite skipped="0" hostname="DESKTOP-JI6CJVA" name="com.test.Test_Multiplication" tests="1" failures="0" timestamp="2022-05-25T19:12:38 IST" time="12.042" errors="0">
  <testcase name="verify_multiplication" time="12.042" classname="com.test.Test_Multiplication"/>
  <system-out/>
</testsuite> <!-- com.test.Test_Multiplication -->
