<?xml version="1.0" encoding="UTF-8"?>
<!-- Generated by org.testng.reporters.JUnitReportReporter -->
<testsuite skipped="0" hostname="DESKTOP-JI6CJVA" name="com.test.test_multiply" tests="1" failures="0" timestamp="2022-05-25T21:59:45 IST" time="5.619" errors="0">
  <testcase name="Verify_Multiplication" time="5.619" classname="com.test.test_multiply"/>
  <system-out/>
</testsuite> <!-- com.test.test_multiply -->
