<?xml version="1.0" encoding="UTF-8"?>
<!-- Generated by org.testng.reporters.JUnitReportReporter -->
<testsuite skipped="0" hostname="DESKTOP-JI6CJVA" name="com.test.Test_Division" tests="1" failures="0" timestamp="2022-05-25T18:59:13 IST" time="9.143" errors="0">
  <testcase name="verify_division" time="9.143" classname="com.test.Test_Division"/>
  <system-out/>
</testsuite> <!-- com.test.Test_Division -->
